<?xml version="1.0" encoding="UTF-8"?>
<testng-results ignored="0" total="1" passed="1" failed="0" skipped="0">
  <reporter-output>
  </reporter-output>
  <suite started-at="2024-10-21T17:35:12 CDT" name="Default suite" finished-at="2024-10-21T17:35:21 CDT" duration-ms="9475">
    <groups>
      <group name="cucumber">
        <method signature="AbstractTestNGCucumberTests.runScenario(io.cucumber.testng.PickleWrapper,io.cucumber.testng.FeatureWrapper)[pri:0, instance:DSAlgo.runners.TestRunner@3cc1435c]" name="runScenario" class="io.cucumber.testng.AbstractTestNGCucumberTests"/>
      </group> <!-- cucumber -->
    </groups>
    <test started-at="2024-10-21T17:35:12 CDT" name="Default test" finished-at="2024-10-21T17:35:21 CDT" duration-ms="9475">
      <class name="DSAlgo.runners.TestRunner">
        <test-method is-config="true" signature="setUpClass(org.testng.ITestContext)[pri:0, instance:DSAlgo.runners.TestRunner@3cc1435c]" started-at="2024-10-21T17:35:12 CDT" name="setUpClass" finished-at="2024-10-21T17:35:21 CDT" duration-ms="8730" status="PASS">
          <params>
            <param index="0">
              <value>
                <![CDATA[org.testng.TestRunner@492be039]]>
              </value>
            </param>
          </params>
          <reporter-output>
          </reporter-output>
        </test-method> <!-- setUpClass -->
        <test-method signature="runScenario(io.cucumber.testng.PickleWrapper,io.cucumber.testng.FeatureWrapper)[pri:0, instance:DSAlgo.runners.TestRunner@3cc1435c]" started-at="2024-10-21T17:35:21 CDT" name="runScenario" description="Runs Cucumber Scenarios" data-provider="scenarios" finished-at="2024-10-21T17:35:21 CDT" duration-ms="555" status="PASS">
          <params>
            <param index="0">
              <value>
                <![CDATA["Register Scenario"]]>
              </value>
            </param>
            <param index="1">
              <value>
                <![CDATA["Testing Registration feature in dsportalapp.herokuapp"]]>
              </value>
            </param>
          </params>
          <reporter-output>
          </reporter-output>
        </test-method> <!-- runScenario -->
        <test-method is-config="true" signature="tearDownClass()[pri:0, instance:DSAlgo.runners.TestRunner@3cc1435c]" started-at="2024-10-21T17:35:21 CDT" name="tearDownClass" finished-at="2024-10-21T17:35:21 CDT" duration-ms="146" status="PASS">
          <reporter-output>
          </reporter-output>
        </test-method> <!-- tearDownClass -->
      </class> <!-- DSAlgo.runners.TestRunner -->
    </test> <!-- Default test -->
  </suite> <!-- Default suite -->
</testng-results>
